c:\users\kinkr\desktop\dyskd\pooolibuda\vi semestr\pr - walkowiak\laby\1\zadanie1\zadanie1\release\helloworlds.obj
c:\users\kinkr\desktop\dyskd\pooolibuda\vi semestr\pr - walkowiak\laby\1\zadanie1\zadanie1\release\pi_serial.obj
c:\users\kinkr\appdata\local\temp\lnk{35bf4466-3a45-4c63-8f33-84dc1674248d}.tmp
c:\users\kinkr\desktop\dyskd\pooolibuda\vi semestr\pr - walkowiak\laby\1\zadanie1\zadanie1\release\zadanie1.exe
c:\users\kinkr\desktop\dyskd\pooolibuda\vi semestr\pr - walkowiak\laby\1\zadanie1\zadanie1\release\zadanie1.pdb
c:\users\kinkr\desktop\dyskd\pooolibuda\vi semestr\pr - walkowiak\laby\1\zadanie1\zadanie1\release\zadanie1.tlog\icl-mcpcom.read.1.tlog
c:\users\kinkr\desktop\dyskd\pooolibuda\vi semestr\pr - walkowiak\laby\1\zadanie1\zadanie1\release\zadanie1.tlog\icl-mcpcom.write.1.tlog
c:\users\kinkr\desktop\dyskd\pooolibuda\vi semestr\pr - walkowiak\laby\1\zadanie1\zadanie1\release\zadanie1.tlog\icl.command.1.tlog
c:\users\kinkr\desktop\dyskd\pooolibuda\vi semestr\pr - walkowiak\laby\1\zadanie1\zadanie1\release\zadanie1.tlog\icl.read.1.tlog
c:\users\kinkr\desktop\dyskd\pooolibuda\vi semestr\pr - walkowiak\laby\1\zadanie1\zadanie1\release\zadanie1.tlog\icl.write.1.tlog
c:\users\kinkr\desktop\dyskd\pooolibuda\vi semestr\pr - walkowiak\laby\1\zadanie1\zadanie1\release\zadanie1.tlog\xilink-link-cvtres.read.1.tlog
c:\users\kinkr\desktop\dyskd\pooolibuda\vi semestr\pr - walkowiak\laby\1\zadanie1\zadanie1\release\zadanie1.tlog\xilink-link-cvtres.write.1.tlog
c:\users\kinkr\desktop\dyskd\pooolibuda\vi semestr\pr - walkowiak\laby\1\zadanie1\zadanie1\release\zadanie1.tlog\xilink-link-rc.read.1.tlog
c:\users\kinkr\desktop\dyskd\pooolibuda\vi semestr\pr - walkowiak\laby\1\zadanie1\zadanie1\release\zadanie1.tlog\xilink-link-rc.write.1.tlog
c:\users\kinkr\desktop\dyskd\pooolibuda\vi semestr\pr - walkowiak\laby\1\zadanie1\zadanie1\release\zadanie1.tlog\xilink-link.read.1.tlog
c:\users\kinkr\desktop\dyskd\pooolibuda\vi semestr\pr - walkowiak\laby\1\zadanie1\zadanie1\release\zadanie1.tlog\xilink-link.write.1.tlog
c:\users\kinkr\desktop\dyskd\pooolibuda\vi semestr\pr - walkowiak\laby\1\zadanie1\zadanie1\release\zadanie1.tlog\xilink-mcpcom.read.1.tlog
c:\users\kinkr\desktop\dyskd\pooolibuda\vi semestr\pr - walkowiak\laby\1\zadanie1\zadanie1\release\zadanie1.tlog\xilink-mcpcom.write.1.tlog
c:\users\kinkr\desktop\dyskd\pooolibuda\vi semestr\pr - walkowiak\laby\1\zadanie1\zadanie1\release\zadanie1.tlog\xilink.command.1.tlog
c:\users\kinkr\desktop\dyskd\pooolibuda\vi semestr\pr - walkowiak\laby\1\zadanie1\zadanie1\release\zadanie1.tlog\xilink.read.1.tlog
c:\users\kinkr\desktop\dyskd\pooolibuda\vi semestr\pr - walkowiak\laby\1\zadanie1\zadanie1\release\zadanie1.tlog\xilink.write.1.tlog
